[INFO] Scanning for projects...
[INFO] 
[INFO] -------------------------< com.vnec:vnec-auth >-------------------------
[INFO] Building vnec-auth 1.0.0
[INFO]   from pom.xml
[INFO] --------------------------------[ war ]---------------------------------
[INFO] 
[INFO] >>> spring-boot:3.3.6:run (default-cli) > test-compile @ vnec-auth >>>
[INFO] 
[INFO] --- resources:3.3.1:resources (default-resources) @ vnec-auth ---
[INFO] Copying 64 resources from src\main\resources to target\classes
[INFO] 
[INFO] --- compiler:3.13.0:compile (default-compile) @ vnec-auth ---
[INFO] Nothing to compile - all classes are up to date.
[INFO] 
[INFO] --- resources:3.3.1:testResources (default-testResources) @ vnec-auth ---
[INFO] skip non existing resourceDirectory C:\Users\Acer\Desktop\SWP391\Project\swp391-su26-ai-audit-project-swp391_se20a11_group-03\src\test\resources
[INFO] 
[INFO] --- compiler:3.13.0:testCompile (default-testCompile) @ vnec-auth ---
[INFO] Recompiling the module because of changed source code.
[INFO] Compiling 3 source files with javac [debug release 17] to target\test-classes
[INFO] 
[INFO] <<< spring-boot:3.3.6:run (default-cli) < test-compile @ vnec-auth <<<
[INFO] 
[INFO] 
[INFO] --- spring-boot:3.3.6:run (default-cli) @ vnec-auth ---
[INFO] Attaching agents: []

  .   ____          _            __ _ _
 /\\ / ___'_ __ _ _(_)_ __  __ _ \ \ \ \
( ( )\___ | '_ | '_| | '_ \/ _` | \ \ \ \
 \\/  ___)| |_)| | | | | || (_| |  ) ) ) )
  '  |____| .__|_| |_|_| |_\__, | / / / /
 =========|_|==============|___/=/_/_/_/

 :: Spring Boot ::                (v3.3.6)

2026-06-11T10:05:33.255+07:00  INFO 69508 --- [auction-backend] [           main] com.auction.AuctionApplication           : Starting AuctionApplication using Java 17.0.12 with PID 69508 (C:\Users\Acer\Desktop\SWP391\Project\swp391-su26-ai-audit-project-swp391_se20a11_group-03\target\classes started by Acer in C:\Users\Acer\Desktop\SWP391\Project\swp391-su26-ai-audit-project-swp391_se20a11_group-03)
2026-06-11T10:05:33.258+07:00  INFO 69508 --- [auction-backend] [           main] com.auction.AuctionApplication           : No active profile set, falling back to 1 default profile: "default"
2026-06-11T10:05:34.008+07:00  INFO 69508 --- [auction-backend] [           main] .s.d.r.c.RepositoryConfigurationDelegate : Bootstrapping Spring Data JPA repositories in DEFAULT mode.
2026-06-11T10:05:34.130+07:00  INFO 69508 --- [auction-backend] [           main] .s.d.r.c.RepositoryConfigurationDelegate : Finished Spring Data repository scanning in 105 ms. Found 18 JPA repository interfaces.
2026-06-11T10:05:34.724+07:00  INFO 69508 --- [auction-backend] [           main] o.s.b.w.embedded.tomcat.TomcatWebServer  : Tomcat initialized with port 8096 (http)
2026-06-11T10:05:34.735+07:00  INFO 69508 --- [auction-backend] [           main] o.apache.catalina.core.StandardService   : Starting service [Tomcat]
2026-06-11T10:05:34.736+07:00  INFO 69508 --- [auction-backend] [           main] o.apache.catalina.core.StandardEngine    : Starting Servlet engine: [Apache Tomcat/10.1.33]
2026-06-11T10:05:34.790+07:00  INFO 69508 --- [auction-backend] [           main] o.a.c.c.C.[Tomcat].[localhost].[/]       : Initializing Spring embedded WebApplicationContext
2026-06-11T10:05:34.791+07:00  INFO 69508 --- [auction-backend] [           main] w.s.c.ServletWebServerApplicationContext : Root WebApplicationContext: initialization completed in 1493 ms
2026-06-11T10:05:34.981+07:00  INFO 69508 --- [auction-backend] [           main] o.hibernate.jpa.internal.util.LogHelper  : HHH000204: Processing PersistenceUnitInfo [name: default]
2026-06-11T10:05:35.035+07:00  INFO 69508 --- [auction-backend] [           main] org.hibernate.Version                    : HHH000412: Hibernate ORM core version 6.5.2.Final
2026-06-11T10:05:35.070+07:00  INFO 69508 --- [auction-backend] [           main] o.h.c.internal.RegionFactoryInitiator    : HHH000026: Second-level cache disabled
2026-06-11T10:05:35.349+07:00  INFO 69508 --- [auction-backend] [           main] o.s.o.j.p.SpringPersistenceUnitInfo      : No LoadTimeWeaver setup: ignoring JPA class transformer
2026-06-11T10:05:35.373+07:00  INFO 69508 --- [auction-backend] [           main] com.zaxxer.hikari.HikariDataSource       : HikariPool-1 - Starting...
2026-06-11T10:05:35.603+07:00  INFO 69508 --- [auction-backend] [           main] com.zaxxer.hikari.pool.HikariPool        : HikariPool-1 - Added connection ConnectionID:1 ClientConnectionId: 59727c53-cd3b-41b4-9ae2-8a6767f51a7c
2026-06-11T10:05:35.605+07:00  INFO 69508 --- [auction-backend] [           main] com.zaxxer.hikari.HikariDataSource       : HikariPool-1 - Start completed.
2026-06-11T10:05:37.638+07:00  INFO 69508 --- [auction-backend] [           main] o.h.e.t.j.p.i.JtaPlatformInitiator       : HHH000489: No JTA platform available (set 'hibernate.transaction.jta.platform' to enable JTA platform integration)
2026-06-11T10:05:37.642+07:00  INFO 69508 --- [auction-backend] [           main] j.LocalContainerEntityManagerFactoryBean : Initialized JPA EntityManagerFactory for persistence unit 'default'
2026-06-11T10:05:37.873+07:00  INFO 69508 --- [auction-backend] [           main] o.s.d.j.r.query.QueryEnhancerFactory     : Hibernate is in classpath; If applicable, HQL parser will be used.
2026-06-11T10:05:39.071+07:00  INFO 69508 --- [auction-backend] [           main] r$InitializeUserDetailsManagerConfigurer : Global AuthenticationManager configured with UserDetailsService bean with name userDetailsServiceImpl
2026-06-11T10:05:39.140+07:00  INFO 69508 --- [auction-backend] [           main] o.s.b.a.w.s.WelcomePageHandlerMapping    : Adding welcome page: class path resource [static/index.html]
2026-06-11T10:05:39.526+07:00  INFO 69508 --- [auction-backend] [           main] o.s.b.w.embedded.tomcat.TomcatWebServer  : Tomcat started on port 8096 (http) with context path '/'
2026-06-11T10:05:39.530+07:00  INFO 69508 --- [auction-backend] [           main] o.s.m.s.b.SimpleBrokerMessageHandler     : Starting...
2026-06-11T10:05:39.530+07:00  INFO 69508 --- [auction-backend] [           main] o.s.m.s.b.SimpleBrokerMessageHandler     : BrokerAvailabilityEvent[available=true, SimpleBrokerMessageHandler [org.springframework.messaging.simp.broker.DefaultSubscriptionRegistry@25c962b7]]
2026-06-11T10:05:39.530+07:00  INFO 69508 --- [auction-backend] [           main] o.s.m.s.b.SimpleBrokerMessageHandler     : Started.
2026-06-11T10:05:39.538+07:00  INFO 69508 --- [auction-backend] [           main] com.auction.AuctionApplication           : Started AuctionApplication in 6.735 seconds (process running for 7.255)
2026-06-11T10:06:11.761+07:00  INFO 69508 --- [auction-backend] [nio-8096-exec-2] o.a.c.c.C.[Tomcat].[localhost].[/]       : Initializing Spring DispatcherServlet 'dispatcherServlet'
2026-06-11T10:06:11.763+07:00  INFO 69508 --- [auction-backend] [nio-8096-exec-2] o.s.web.servlet.DispatcherServlet        : Initializing Servlet 'dispatcherServlet'
2026-06-11T10:06:11.765+07:00  INFO 69508 --- [auction-backend] [nio-8096-exec-2] o.s.web.servlet.DispatcherServlet        : Completed initialization in 2 ms
2026-06-11T10:06:12.024+07:00  INFO 69508 --- [auction-backend] [nio-8096-exec-1] o.hibernate.jpa.internal.util.LogHelper  : HHH000204: Processing PersistenceUnitInfo [name: auctionPU]
2026-06-11T10:06:12.029+07:00  INFO 69508 --- [auction-backend] [nio-8096-exec-1] o.h.c.internal.RegionFactoryInitiator    : HHH000026: Second-level cache disabled
2026-06-11T10:06:12.216+07:00  WARN 69508 --- [auction-backend] [nio-8096-exec-1] org.hibernate.orm.connections.pooling    : HHH10001002: Using built-in connection pool (not intended for production use)
2026-06-11T10:06:12.218+07:00  INFO 69508 --- [auction-backend] [nio-8096-exec-1] org.hibernate.orm.connections.pooling    : HHH10001005: Loaded JDBC driver class: com.microsoft.sqlserver.jdbc.SQLServerDriver
2026-06-11T10:06:12.218+07:00  INFO 69508 --- [auction-backend] [nio-8096-exec-1] org.hibernate.orm.connections.pooling    : HHH10001012: Connecting with JDBC URL [jdbc:sqlserver://localhost:1433;databaseName=SWP_Nhom3;encrypt=true;trustServerCertificate=true]
2026-06-11T10:06:12.219+07:00  INFO 69508 --- [auction-backend] [nio-8096-exec-1] org.hibernate.orm.connections.pooling    : HHH10001001: Connection properties: {password=****, user=sa}
2026-06-11T10:06:12.221+07:00  INFO 69508 --- [auction-backend] [nio-8096-exec-1] org.hibernate.orm.connections.pooling    : HHH10001003: Autocommit mode: false
2026-06-11T10:06:12.224+07:00  INFO 69508 --- [auction-backend] [nio-8096-exec-1] org.hibernate.orm.connections.pooling    : HHH10001115: Connection pool size: 20 (min=1)
2026-06-11T10:06:12.265+07:00  WARN 69508 --- [auction-backend] [nio-8096-exec-1] org.hibernate.orm.deprecation            : HHH90000025: SQLServerDialect does not need to be specified explicitly using 'hibernate.dialect' (remove the property setting and it will be selected by default)
2026-06-11T10:06:12.668+07:00  INFO 69508 --- [auction-backend] [nio-8096-exec-1] o.h.e.t.j.p.i.JtaPlatformInitiator       : HHH000489: No JTA platform available (set 'hibernate.transaction.jta.platform' to enable JTA platform integration)
2026-06-11T10:06:12.783+07:00  WARN 69508 --- [auction-backend] [nio-8096-exec-1] o.h.engine.jdbc.spi.SqlExceptionHelper   : SQL Error: 208, SQLState: S0002
2026-06-11T10:06:12.784+07:00 ERROR 69508 --- [auction-backend] [nio-8096-exec-1] o.h.engine.jdbc.spi.SqlExceptionHelper   : Invalid object name 'AuditLogs'.
[2026-06-11 10:06:12] action=REGISTER success=false subject=invalid@example.com detail=Vui lňng nh?p ??y ?? thông tin. ip=0:0:0:0:0:0:0:1 ua=Mozilla/5.0 (Windows NT; Windows NT 10.0; en-US) WindowsPowerShell/5.1.26100.8457
2026-06-11T10:06:39.535+07:00  INFO 69508 --- [auction-backend] [MessageBroker-1] o.s.w.s.c.WebSocketMessageBrokerStats    : WebSocketSession[0 current WS(0)-HttpStream(0)-HttpPoll(0), 0 total, 0 closed abnormally (0 connect failure, 0 send limit, 0 transport error)], stompSubProtocol[processed CONNECT(0)-CONNECTED(0)-DISCONNECT(0)], stompBrokerRelay[null], inboundChannel[pool size = 0, active threads = 0, queued tasks = 0, completed tasks = 0], outboundChannel[pool size = 0, active threads = 0, queued tasks = 0, completed tasks = 0], sockJsScheduler[pool size = 1, active threads = 1, queued tasks = 0, completed tasks = 0]
2026-06-11T10:10:25.748+07:00  WARN 69508 --- [auction-backend] [nio-8096-exec-9] o.h.engine.jdbc.spi.SqlExceptionHelper   : SQL Error: 208, SQLState: S0002
2026-06-11T10:10:25.749+07:00 ERROR 69508 --- [auction-backend] [nio-8096-exec-9] o.h.engine.jdbc.spi.SqlExceptionHelper   : Invalid object name 'AuditLogs'.
[2026-06-11 10:10:25] action=REGISTER success=false subject=tuan832005@gmail.com detail=M?t kh?u ph?i có ít nh?t 8 ký t?, g?m ch? hoa, ch? th??ng vŕ s?. ip=0:0:0:0:0:0:0:1 ua=Mozilla/5.0 (Windows NT 10.0; Win64; x64) AppleWebKit/537.36 (KHTML, like Gecko) Chrome/148.0.0.0 Safari/537.36
2026-06-11T10:10:47.504+07:00  WARN 69508 --- [auction-backend] [io-8096-exec-10] o.h.engine.jdbc.spi.SqlExceptionHelper   : SQL Error: 207, SQLState: S0001
2026-06-11T10:10:47.505+07:00 ERROR 69508 --- [auction-backend] [io-8096-exec-10] o.h.engine.jdbc.spi.SqlExceptionHelper   : Invalid column name 'Phone'.
