[INFO] Scanning for projects...
[INFO] 
[INFO] -------------------------< com.vnec:vnec-auth >-------------------------
[INFO] Building vnec-auth 1.0.0
[INFO]   from pom.xml
[INFO] --------------------------------[ war ]---------------------------------
[INFO] 
[INFO] >>> spring-boot:3.3.6:run (default-cli) > test-compile @ vnec-auth >>>
[INFO] 
[INFO] --- resources:3.3.1:resources (default-resources) @ vnec-auth ---
[INFO] Copying 64 resources from src\main\resources to target\classes
[INFO] 
[INFO] --- compiler:3.13.0:compile (default-compile) @ vnec-auth ---
[INFO] Recompiling the module because of changed source code.
[INFO] Compiling 168 source files with javac [debug release 17] to target\classes
[INFO] 
[INFO] --- resources:3.3.1:testResources (default-testResources) @ vnec-auth ---
[INFO] skip non existing resourceDirectory C:\Users\Acer\Desktop\SWP391\Project\swp391-su26-ai-audit-project-swp391_se20a11_group-03\src\test\resources
[INFO] 
[INFO] --- compiler:3.13.0:testCompile (default-testCompile) @ vnec-auth ---
[INFO] Recompiling the module because of changed dependency.
[INFO] Compiling 3 source files with javac [debug release 17] to target\test-classes
[INFO] 
[INFO] <<< spring-boot:3.3.6:run (default-cli) < test-compile @ vnec-auth <<<
[INFO] 
[INFO] 
[INFO] --- spring-boot:3.3.6:run (default-cli) @ vnec-auth ---
[INFO] Attaching agents: []

  .   ____          _            __ _ _
 /\\ / ___'_ __ _ _(_)_ __  __ _ \ \ \ \
( ( )\___ | '_ | '_| | '_ \/ _` | \ \ \ \
 \\/  ___)| |_)| | | | | || (_| |  ) ) ) )
  '  |____| .__|_| |_|_| |_\__, | / / / /
 =========|_|==============|___/=/_/_/_/

 :: Spring Boot ::                (v3.3.6)

2026-06-11T07:32:29.891+07:00  INFO 43252 --- [auction-backend] [           main] com.auction.AuctionApplication           : Starting AuctionApplication using Java 17.0.12 with PID 43252 (C:\Users\Acer\Desktop\SWP391\Project\swp391-su26-ai-audit-project-swp391_se20a11_group-03\target\classes started by Acer in C:\Users\Acer\Desktop\SWP391\Project\swp391-su26-ai-audit-project-swp391_se20a11_group-03)
2026-06-11T07:32:29.895+07:00  INFO 43252 --- [auction-backend] [           main] com.auction.AuctionApplication           : No active profile set, falling back to 1 default profile: "default"
2026-06-11T07:32:30.867+07:00  INFO 43252 --- [auction-backend] [           main] .s.d.r.c.RepositoryConfigurationDelegate : Bootstrapping Spring Data JPA repositories in DEFAULT mode.
2026-06-11T07:32:31.021+07:00  WARN 43252 --- [auction-backend] [           main] ConfigServletWebServerApplicationContext : Exception encountered during context initialization - cancelling refresh attempt: org.springframework.beans.factory.support.BeanDefinitionOverrideException: Invalid bean definition with name 'categoryRepository' defined in com.auction.bidding.repository.CategoryRepository defined in @EnableJpaRepositories declared on JpaRepositoriesRegistrar.EnableJpaRepositoriesConfiguration: Cannot register bean definition [Root bean: class [org.springframework.data.jpa.repository.support.JpaRepositoryFactoryBean]; scope=; abstract=false; lazyInit=false; autowireMode=0; dependencyCheck=0; autowireCandidate=true; primary=false; factoryBeanName=null; factoryMethodName=null; initMethodNames=null; destroyMethodNames=null; defined in com.auction.bidding.repository.CategoryRepository defined in @EnableJpaRepositories declared on JpaRepositoriesRegistrar.EnableJpaRepositoriesConfiguration] for bean 'categoryRepository' since there is already [Root bean: class [org.springframework.data.jpa.repository.support.JpaRepositoryFactoryBean]; scope=; abstract=false; lazyInit=false; autowireMode=0; dependencyCheck=0; autowireCandidate=true; primary=false; factoryBeanName=null; factoryMethodName=null; initMethodNames=null; destroyMethodNames=null; defined in com.auction.product.repository.CategoryRepository defined in @EnableJpaRepositories declared on JpaRepositoriesRegistrar.EnableJpaRepositoriesConfiguration] bound.
2026-06-11T07:32:31.029+07:00  INFO 43252 --- [auction-backend] [           main] .s.b.a.l.ConditionEvaluationReportLogger : 

Error starting ApplicationContext. To display the condition evaluation report re-run your application with 'debug' enabled.
2026-06-11T07:32:31.046+07:00 ERROR 43252 --- [auction-backend] [           main] o.s.b.d.LoggingFailureAnalysisReporter   : 

***************************
APPLICATION FAILED TO START
***************************

Description:

The bean 'categoryRepository', defined in com.auction.bidding.repository.CategoryRepository defined in @EnableJpaRepositories declared on JpaRepositoriesRegistrar.EnableJpaRepositoriesConfiguration, could not be registered. A bean with that name has already been defined in com.auction.product.repository.CategoryRepository defined in @EnableJpaRepositories declared on JpaRepositoriesRegistrar.EnableJpaRepositoriesConfiguration and overriding is disabled.

Action:

Consider renaming one of the beans or enabling overriding by setting spring.main.allow-bean-definition-overriding=true

[INFO] ------------------------------------------------------------------------
[INFO] BUILD FAILURE
[INFO] ------------------------------------------------------------------------
[INFO] Total time:  22.371 s
[INFO] Finished at: 2026-06-11T07:32:31+07:00
[INFO] ------------------------------------------------------------------------
[ERROR] Failed to execute goal org.springframework.boot:spring-boot-maven-plugin:3.3.6:run (default-cli) on project vnec-auth: Process terminated with exit code: 1 -> [Help 1]
[ERROR] 
[ERROR] To see the full stack trace of the errors, re-run Maven with the -e switch.
[ERROR] Re-run Maven using the -X switch to enable full debug logging.
[ERROR] 
[ERROR] For more information about the errors and possible solutions, please read the following articles:
[ERROR] [Help 1] http://cwiki.apache.org/confluence/display/MAVEN/MojoExecutionException
