[INFO] Scanning for projects...
[INFO] 
[INFO] -------------------------< com.vnec:vnec-auth >-------------------------
[INFO] Building vnec-auth 1.0.0
[INFO]   from pom.xml
[INFO] --------------------------------[ war ]---------------------------------
[INFO] 
[INFO] >>> spring-boot:3.3.6:run (default-cli) > test-compile @ vnec-auth >>>
[INFO] 
[INFO] --- resources:3.3.1:resources (default-resources) @ vnec-auth ---
[INFO] Copying 64 resources from src\main\resources to target\classes
[INFO] 
[INFO] --- compiler:3.13.0:compile (default-compile) @ vnec-auth ---
[INFO] Recompiling the module because of changed source code.
[INFO] Compiling 168 source files with javac [debug release 17] to target\classes
[INFO] 
[INFO] --- resources:3.3.1:testResources (default-testResources) @ vnec-auth ---
[INFO] skip non existing resourceDirectory C:\Users\Acer\Desktop\SWP391\Project\swp391-su26-ai-audit-project-swp391_se20a11_group-03\src\test\resources
[INFO] 
[INFO] --- compiler:3.13.0:testCompile (default-testCompile) @ vnec-auth ---
[INFO] Recompiling the module because of changed dependency.
[INFO] Compiling 3 source files with javac [debug release 17] to target\test-classes
[INFO] 
[INFO] <<< spring-boot:3.3.6:run (default-cli) < test-compile @ vnec-auth <<<
[INFO] 
[INFO] 
[INFO] --- spring-boot:3.3.6:run (default-cli) @ vnec-auth ---
[INFO] Attaching agents: []

  .   ____          _            __ _ _
 /\\ / ___'_ __ _ _(_)_ __  __ _ \ \ \ \
( ( )\___ | '_ | '_| | '_ \/ _` | \ \ \ \
 \\/  ___)| |_)| | | | | || (_| |  ) ) ) )
  '  |____| .__|_| |_|_| |_\__, | / / / /
 =========|_|==============|___/=/_/_/_/

 :: Spring Boot ::                (v3.3.6)

2026-06-11T07:42:06.534+07:00  INFO 42384 --- [auction-backend] [           main] com.auction.AuctionApplication           : Starting AuctionApplication using Java 17.0.12 with PID 42384 (C:\Users\Acer\Desktop\SWP391\Project\swp391-su26-ai-audit-project-swp391_se20a11_group-03\target\classes started by Acer in C:\Users\Acer\Desktop\SWP391\Project\swp391-su26-ai-audit-project-swp391_se20a11_group-03)
2026-06-11T07:42:06.537+07:00  INFO 42384 --- [auction-backend] [           main] com.auction.AuctionApplication           : No active profile set, falling back to 1 default profile: "default"
2026-06-11T07:42:07.264+07:00  INFO 42384 --- [auction-backend] [           main] .s.d.r.c.RepositoryConfigurationDelegate : Bootstrapping Spring Data JPA repositories in DEFAULT mode.
2026-06-11T07:42:07.485+07:00  INFO 42384 --- [auction-backend] [           main] .s.d.r.c.RepositoryConfigurationDelegate : Finished Spring Data repository scanning in 206 ms. Found 18 JPA repository interfaces.
2026-06-11T07:42:08.431+07:00  INFO 42384 --- [auction-backend] [           main] o.s.b.w.embedded.tomcat.TomcatWebServer  : Tomcat initialized with port 8096 (http)
2026-06-11T07:42:08.445+07:00  INFO 42384 --- [auction-backend] [           main] o.apache.catalina.core.StandardService   : Starting service [Tomcat]
2026-06-11T07:42:08.446+07:00  INFO 42384 --- [auction-backend] [           main] o.apache.catalina.core.StandardEngine    : Starting Servlet engine: [Apache Tomcat/10.1.33]
2026-06-11T07:42:08.518+07:00  INFO 42384 --- [auction-backend] [           main] o.a.c.c.C.[Tomcat].[localhost].[/]       : Initializing Spring embedded WebApplicationContext
2026-06-11T07:42:08.520+07:00  INFO 42384 --- [auction-backend] [           main] w.s.c.ServletWebServerApplicationContext : Root WebApplicationContext: initialization completed in 1946 ms
2026-06-11T07:42:08.792+07:00  INFO 42384 --- [auction-backend] [           main] o.hibernate.jpa.internal.util.LogHelper  : HHH000204: Processing PersistenceUnitInfo [name: default]
2026-06-11T07:42:08.855+07:00  INFO 42384 --- [auction-backend] [           main] org.hibernate.Version                    : HHH000412: Hibernate ORM core version 6.5.2.Final
2026-06-11T07:42:08.910+07:00  INFO 42384 --- [auction-backend] [           main] o.h.c.internal.RegionFactoryInitiator    : HHH000026: Second-level cache disabled
2026-06-11T07:42:09.473+07:00  INFO 42384 --- [auction-backend] [           main] o.s.o.j.p.SpringPersistenceUnitInfo      : No LoadTimeWeaver setup: ignoring JPA class transformer
2026-06-11T07:42:09.516+07:00  INFO 42384 --- [auction-backend] [           main] com.zaxxer.hikari.HikariDataSource       : HikariPool-1 - Starting...
2026-06-11T07:42:09.969+07:00  INFO 42384 --- [auction-backend] [           main] com.zaxxer.hikari.pool.HikariPool        : HikariPool-1 - Added connection ConnectionID:1 ClientConnectionId: 94e4f1af-b3a2-4f45-89eb-a2a557286c84
2026-06-11T07:42:09.973+07:00  INFO 42384 --- [auction-backend] [           main] com.zaxxer.hikari.HikariDataSource       : HikariPool-1 - Start completed.
2026-06-11T07:42:12.569+07:00  INFO 42384 --- [auction-backend] [           main] o.h.e.t.j.p.i.JtaPlatformInitiator       : HHH000489: No JTA platform available (set 'hibernate.transaction.jta.platform' to enable JTA platform integration)
2026-06-11T07:42:12.575+07:00  INFO 42384 --- [auction-backend] [           main] j.LocalContainerEntityManagerFactoryBean : Initialized JPA EntityManagerFactory for persistence unit 'default'
2026-06-11T07:42:12.928+07:00  INFO 42384 --- [auction-backend] [           main] o.s.d.j.r.query.QueryEnhancerFactory     : Hibernate is in classpath; If applicable, HQL parser will be used.
2026-06-11T07:42:13.658+07:00  WARN 42384 --- [auction-backend] [           main] ConfigServletWebServerApplicationContext : Exception encountered during context initialization - cancelling refresh attempt: org.springframework.beans.factory.UnsatisfiedDependencyException: Error creating bean with name 'loginController' defined in file [C:\Users\Acer\Desktop\SWP391\Project\swp391-su26-ai-audit-project-swp391_se20a11_group-03\target\classes\com\auction\account\controller\LoginController.class]: Unsatisfied dependency expressed through constructor parameter 2: No qualifying bean of type 'com.auction.common.service.AuthAuditService' available: expected at least 1 bean which qualifies as autowire candidate. Dependency annotations: {}
2026-06-11T07:42:13.659+07:00  INFO 42384 --- [auction-backend] [           main] j.LocalContainerEntityManagerFactoryBean : Closing JPA EntityManagerFactory for persistence unit 'default'
2026-06-11T07:42:13.662+07:00  INFO 42384 --- [auction-backend] [           main] com.zaxxer.hikari.HikariDataSource       : HikariPool-1 - Shutdown initiated...
2026-06-11T07:42:13.672+07:00  INFO 42384 --- [auction-backend] [           main] com.zaxxer.hikari.HikariDataSource       : HikariPool-1 - Shutdown completed.
2026-06-11T07:42:13.675+07:00  INFO 42384 --- [auction-backend] [           main] o.apache.catalina.core.StandardService   : Stopping service [Tomcat]
2026-06-11T07:42:13.693+07:00  INFO 42384 --- [auction-backend] [           main] .s.b.a.l.ConditionEvaluationReportLogger : 

Error starting ApplicationContext. To display the condition evaluation report re-run your application with 'debug' enabled.
2026-06-11T07:42:13.757+07:00 ERROR 42384 --- [auction-backend] [           main] o.s.b.d.LoggingFailureAnalysisReporter   : 

***************************
APPLICATION FAILED TO START
***************************

Description:

Parameter 2 of constructor in com.auction.account.controller.LoginController required a bean of type 'com.auction.common.service.AuthAuditService' that could not be found.


Action:

Consider defining a bean of type 'com.auction.common.service.AuthAuditService' in your configuration.

[INFO] ------------------------------------------------------------------------
[INFO] BUILD FAILURE
[INFO] ------------------------------------------------------------------------
[INFO] Total time:  29.144 s
[INFO] Finished at: 2026-06-11T07:42:14+07:00
[INFO] ------------------------------------------------------------------------
[ERROR] Failed to execute goal org.springframework.boot:spring-boot-maven-plugin:3.3.6:run (default-cli) on project vnec-auth: Process terminated with exit code: 1 -> [Help 1]
[ERROR] 
[ERROR] To see the full stack trace of the errors, re-run Maven with the -e switch.
[ERROR] Re-run Maven using the -X switch to enable full debug logging.
[ERROR] 
[ERROR] For more information about the errors and possible solutions, please read the following articles:
[ERROR] [Help 1] http://cwiki.apache.org/confluence/display/MAVEN/MojoExecutionException
