[INFO] Scanning for projects...
[INFO] 
[INFO] -------------------------< com.vnec:vnec-auth >-------------------------
[INFO] Building vnec-auth 1.0.0
[INFO]   from pom.xml
[INFO] --------------------------------[ war ]---------------------------------
[INFO] 
[INFO] >>> spring-boot:3.3.6:run (default-cli) > test-compile @ vnec-auth >>>
[INFO] 
[INFO] --- resources:3.3.1:resources (default-resources) @ vnec-auth ---
[INFO] Copying 64 resources from src\main\resources to target\classes
[INFO] 
[INFO] --- compiler:3.13.0:compile (default-compile) @ vnec-auth ---
[INFO] Nothing to compile - all classes are up to date.
[INFO] 
[INFO] --- resources:3.3.1:testResources (default-testResources) @ vnec-auth ---
[INFO] skip non existing resourceDirectory C:\Users\Acer\Desktop\SWP391\Project\swp391-su26-ai-audit-project-swp391_se20a11_group-03\src\test\resources
[INFO] 
[INFO] --- compiler:3.13.0:testCompile (default-testCompile) @ vnec-auth ---
[INFO] Recompiling the module because of changed source code.
[INFO] Compiling 3 source files with javac [debug release 17] to target\test-classes
[INFO] -------------------------------------------------------------
[ERROR] COMPILATION ERROR : 
[INFO] -------------------------------------------------------------
[ERROR] /C:/Users/Acer/Desktop/SWP391/Project/swp391-su26-ai-audit-project-swp391_se20a11_group-03/src/test/java/com/auction/account/AuthServiceTest.java:[3,20] package com.vnec.dao does not exist
[ERROR] /C:/Users/Acer/Desktop/SWP391/Project/swp391-su26-ai-audit-project-swp391_se20a11_group-03/src/test/java/com/auction/account/AuthServiceTest.java:[4,22] package com.vnec.model does not exist
[ERROR] /C:/Users/Acer/Desktop/SWP391/Project/swp391-su26-ai-audit-project-swp391_se20a11_group-03/src/test/java/com/auction/account/AuthServiceTest.java:[79,13] cannot find symbol
  symbol:   class User
  location: class com.vnec.service.AuthServiceTest
[ERROR] /C:/Users/Acer/Desktop/SWP391/Project/swp391-su26-ai-audit-project-swp391_se20a11_group-03/src/test/java/com/auction/account/AuthServiceTest.java:[85,52] cannot find symbol
  symbol:   class UserDAO
  location: class com.vnec.service.AuthServiceTest
[ERROR] /C:/Users/Acer/Desktop/SWP391/Project/swp391-su26-ai-audit-project-swp391_se20a11_group-03/src/test/java/com/auction/account/AuthServiceTest.java:[90,9] cannot find symbol
  symbol:   class User
  location: class com.vnec.service.AuthServiceTest.FakeUserDAO
[ERROR] /C:/Users/Acer/Desktop/SWP391/Project/swp391-su26-ai-audit-project-swp391_se20a11_group-03/src/test/java/com/auction/account/AuthServiceTest.java:[108,33] cannot find symbol
  symbol:   class User
  location: class com.vnec.service.AuthServiceTest.FakeUserDAO
[ERROR] /C:/Users/Acer/Desktop/SWP391/Project/swp391-su26-ai-audit-project-swp391_se20a11_group-03/src/test/java/com/auction/account/AuthServiceTest.java:[115,16] cannot find symbol
  symbol:   class User
  location: class com.vnec.service.AuthServiceTest.FakeUserDAO
[ERROR] /C:/Users/Acer/Desktop/SWP391/Project/swp391-su26-ai-audit-project-swp391_se20a11_group-03/src/test/java/com/auction/account/AuthValidatorTest.java:[9,19] cannot find symbol
  symbol:   class AuthValidator
  location: class com.vnec.service.AuthValidatorTest
[ERROR] /C:/Users/Acer/Desktop/SWP391/Project/swp391-su26-ai-audit-project-swp391_se20a11_group-03/src/test/java/com/auction/bidding/BiddingServiceTest.java:[3,37] package com.example.biddingmodule.dto does not exist
[ERROR] /C:/Users/Acer/Desktop/SWP391/Project/swp391-su26-ai-audit-project-swp391_se20a11_group-03/src/test/java/com/auction/bidding/BiddingServiceTest.java:[4,37] package com.example.biddingmodule.dto does not exist
[ERROR] /C:/Users/Acer/Desktop/SWP391/Project/swp391-su26-ai-audit-project-swp391_se20a11_group-03/src/test/java/com/auction/bidding/BiddingServiceTest.java:[5,40] package com.example.biddingmodule.entity does not exist
[ERROR] /C:/Users/Acer/Desktop/SWP391/Project/swp391-su26-ai-audit-project-swp391_se20a11_group-03/src/test/java/com/auction/bidding/BiddingServiceTest.java:[6,40] package com.example.biddingmodule.entity does not exist
[ERROR] /C:/Users/Acer/Desktop/SWP391/Project/swp391-su26-ai-audit-project-swp391_se20a11_group-03/src/test/java/com/auction/bidding/BiddingServiceTest.java:[7,40] package com.example.biddingmodule.entity does not exist
[ERROR] /C:/Users/Acer/Desktop/SWP391/Project/swp391-su26-ai-audit-project-swp391_se20a11_group-03/src/test/java/com/auction/bidding/BiddingServiceTest.java:[8,44] package com.example.biddingmodule.repository does not exist
[ERROR] /C:/Users/Acer/Desktop/SWP391/Project/swp391-su26-ai-audit-project-swp391_se20a11_group-03/src/test/java/com/auction/bidding/BiddingServiceTest.java:[9,44] package com.example.biddingmodule.repository does not exist
[ERROR] /C:/Users/Acer/Desktop/SWP391/Project/swp391-su26-ai-audit-project-swp391_se20a11_group-03/src/test/java/com/auction/bidding/BiddingServiceTest.java:[165,36] cannot find symbol
  symbol:   class BiddingService
  location: class com.example.biddingmodule.service.BiddingServiceTest
[ERROR] /C:/Users/Acer/Desktop/SWP391/Project/swp391-su26-ai-audit-project-swp391_se20a11_group-03/src/test/java/com/auction/bidding/BiddingServiceTest.java:[175,25] cannot find symbol
  symbol:   class BiddingService
  location: class com.example.biddingmodule.service.BiddingServiceTest
[ERROR] /C:/Users/Acer/Desktop/SWP391/Project/swp391-su26-ai-audit-project-swp391_se20a11_group-03/src/test/java/com/auction/bidding/BiddingServiceTest.java:[191,13] cannot find symbol
  symbol:   class BidRequest
  location: class com.example.biddingmodule.service.BiddingServiceTest
[ERROR] /C:/Users/Acer/Desktop/SWP391/Project/swp391-su26-ai-audit-project-swp391_se20a11_group-03/src/test/java/com/auction/bidding/BiddingServiceTest.java:[213,70] cannot find symbol
  symbol:   class AuctionSessionRepository
  location: class com.example.biddingmodule.service.BiddingServiceTest
[ERROR] /C:/Users/Acer/Desktop/SWP391/Project/swp391-su26-ai-audit-project-swp391_se20a11_group-03/src/test/java/com/auction/bidding/BiddingServiceTest.java:[214,17] cannot find symbol
  symbol:   class AuctionSession
  location: class com.example.biddingmodule.service.BiddingServiceTest.InMemoryAuctionSessionRepository
[ERROR] /C:/Users/Acer/Desktop/SWP391/Project/swp391-su26-ai-audit-project-swp391_se20a11_group-03/src/test/java/com/auction/bidding/BiddingServiceTest.java:[217,25] cannot find symbol
  symbol:   class AuctionSession
  location: class com.example.biddingmodule.service.BiddingServiceTest.InMemoryAuctionSessionRepository
[ERROR] /C:/Users/Acer/Desktop/SWP391/Project/swp391-su26-ai-audit-project-swp391_se20a11_group-03/src/test/java/com/auction/bidding/BiddingServiceTest.java:[225,21] cannot find symbol
  symbol:   class AuctionSession
  location: class com.example.biddingmodule.service.BiddingServiceTest.InMemoryAuctionSessionRepository
[ERROR] /C:/Users/Acer/Desktop/SWP391/Project/swp391-su26-ai-audit-project-swp391_se20a11_group-03/src/test/java/com/auction/bidding/BiddingServiceTest.java:[230,49] cannot find symbol
  symbol:   class AuctionSession
  location: class com.example.biddingmodule.service.BiddingServiceTest.InMemoryAuctionSessionRepository
[ERROR] /C:/Users/Acer/Desktop/SWP391/Project/swp391-su26-ai-audit-project-swp391_se20a11_group-03/src/test/java/com/auction/bidding/BiddingServiceTest.java:[230,29] cannot find symbol
  symbol:   class AuctionSession
  location: class com.example.biddingmodule.service.BiddingServiceTest.InMemoryAuctionSessionRepository
[ERROR] /C:/Users/Acer/Desktop/SWP391/Project/swp391-su26-ai-audit-project-swp391_se20a11_group-03/src/test/java/com/auction/bidding/BiddingServiceTest.java:[236,59] cannot find symbol
  symbol:   class BidRepository
  location: class com.example.biddingmodule.service.BiddingServiceTest
[ERROR] /C:/Users/Acer/Desktop/SWP391/Project/swp391-su26-ai-audit-project-swp391_se20a11_group-03/src/test/java/com/auction/bidding/BiddingServiceTest.java:[240,38] cannot find symbol
  symbol:   class Bid
  location: class com.example.biddingmodule.service.BiddingServiceTest.InMemoryBidRepository
[ERROR] /C:/Users/Acer/Desktop/SWP391/Project/swp391-su26-ai-audit-project-swp391_se20a11_group-03/src/test/java/com/auction/bidding/BiddingServiceTest.java:[240,29] cannot find symbol
  symbol:   class Bid
  location: class com.example.biddingmodule.service.BiddingServiceTest.InMemoryBidRepository
[INFO] 27 errors 
[INFO] -------------------------------------------------------------
[INFO] ------------------------------------------------------------------------
[INFO] BUILD FAILURE
[INFO] ------------------------------------------------------------------------
[INFO] Total time:  8.064 s
[INFO] Finished at: 2026-06-11T07:28:26+07:00
[INFO] ------------------------------------------------------------------------
[ERROR] Failed to execute goal org.apache.maven.plugins:maven-compiler-plugin:3.13.0:testCompile (default-testCompile) on project vnec-auth: Compilation failure: Compilation failure: 
[ERROR] /C:/Users/Acer/Desktop/SWP391/Project/swp391-su26-ai-audit-project-swp391_se20a11_group-03/src/test/java/com/auction/account/AuthServiceTest.java:[3,20] package com.vnec.dao does not exist
[ERROR] /C:/Users/Acer/Desktop/SWP391/Project/swp391-su26-ai-audit-project-swp391_se20a11_group-03/src/test/java/com/auction/account/AuthServiceTest.java:[4,22] package com.vnec.model does not exist
[ERROR] /C:/Users/Acer/Desktop/SWP391/Project/swp391-su26-ai-audit-project-swp391_se20a11_group-03/src/test/java/com/auction/account/AuthServiceTest.java:[79,13] cannot find symbol
[ERROR]   symbol:   class User
[ERROR]   location: class com.vnec.service.AuthServiceTest
[ERROR] /C:/Users/Acer/Desktop/SWP391/Project/swp391-su26-ai-audit-project-swp391_se20a11_group-03/src/test/java/com/auction/account/AuthServiceTest.java:[85,52] cannot find symbol
[ERROR]   symbol:   class UserDAO
[ERROR]   location: class com.vnec.service.AuthServiceTest
[ERROR] /C:/Users/Acer/Desktop/SWP391/Project/swp391-su26-ai-audit-project-swp391_se20a11_group-03/src/test/java/com/auction/account/AuthServiceTest.java:[90,9] cannot find symbol
[ERROR]   symbol:   class User
[ERROR]   location: class com.vnec.service.AuthServiceTest.FakeUserDAO
[ERROR] /C:/Users/Acer/Desktop/SWP391/Project/swp391-su26-ai-audit-project-swp391_se20a11_group-03/src/test/java/com/auction/account/AuthServiceTest.java:[108,33] cannot find symbol
[ERROR]   symbol:   class User
[ERROR]   location: class com.vnec.service.AuthServiceTest.FakeUserDAO
[ERROR] /C:/Users/Acer/Desktop/SWP391/Project/swp391-su26-ai-audit-project-swp391_se20a11_group-03/src/test/java/com/auction/account/AuthServiceTest.java:[115,16] cannot find symbol
[ERROR]   symbol:   class User
[ERROR]   location: class com.vnec.service.AuthServiceTest.FakeUserDAO
[ERROR] /C:/Users/Acer/Desktop/SWP391/Project/swp391-su26-ai-audit-project-swp391_se20a11_group-03/src/test/java/com/auction/account/AuthValidatorTest.java:[9,19] cannot find symbol
[ERROR]   symbol:   class AuthValidator
[ERROR]   location: class com.vnec.service.AuthValidatorTest
[ERROR] /C:/Users/Acer/Desktop/SWP391/Project/swp391-su26-ai-audit-project-swp391_se20a11_group-03/src/test/java/com/auction/bidding/BiddingServiceTest.java:[3,37] package com.example.biddingmodule.dto does not exist
[ERROR] /C:/Users/Acer/Desktop/SWP391/Project/swp391-su26-ai-audit-project-swp391_se20a11_group-03/src/test/java/com/auction/bidding/BiddingServiceTest.java:[4,37] package com.example.biddingmodule.dto does not exist
[ERROR] /C:/Users/Acer/Desktop/SWP391/Project/swp391-su26-ai-audit-project-swp391_se20a11_group-03/src/test/java/com/auction/bidding/BiddingServiceTest.java:[5,40] package com.example.biddingmodule.entity does not exist
[ERROR] /C:/Users/Acer/Desktop/SWP391/Project/swp391-su26-ai-audit-project-swp391_se20a11_group-03/src/test/java/com/auction/bidding/BiddingServiceTest.java:[6,40] package com.example.biddingmodule.entity does not exist
[ERROR] /C:/Users/Acer/Desktop/SWP391/Project/swp391-su26-ai-audit-project-swp391_se20a11_group-03/src/test/java/com/auction/bidding/BiddingServiceTest.java:[7,40] package com.example.biddingmodule.entity does not exist
[ERROR] /C:/Users/Acer/Desktop/SWP391/Project/swp391-su26-ai-audit-project-swp391_se20a11_group-03/src/test/java/com/auction/bidding/BiddingServiceTest.java:[8,44] package com.example.biddingmodule.repository does not exist
[ERROR] /C:/Users/Acer/Desktop/SWP391/Project/swp391-su26-ai-audit-project-swp391_se20a11_group-03/src/test/java/com/auction/bidding/BiddingServiceTest.java:[9,44] package com.example.biddingmodule.repository does not exist
[ERROR] /C:/Users/Acer/Desktop/SWP391/Project/swp391-su26-ai-audit-project-swp391_se20a11_group-03/src/test/java/com/auction/bidding/BiddingServiceTest.java:[165,36] cannot find symbol
[ERROR]   symbol:   class BiddingService
[ERROR]   location: class com.example.biddingmodule.service.BiddingServiceTest
[ERROR] /C:/Users/Acer/Desktop/SWP391/Project/swp391-su26-ai-audit-project-swp391_se20a11_group-03/src/test/java/com/auction/bidding/BiddingServiceTest.java:[175,25] cannot find symbol
[ERROR]   symbol:   class BiddingService
[ERROR]   location: class com.example.biddingmodule.service.BiddingServiceTest
[ERROR] /C:/Users/Acer/Desktop/SWP391/Project/swp391-su26-ai-audit-project-swp391_se20a11_group-03/src/test/java/com/auction/bidding/BiddingServiceTest.java:[191,13] cannot find symbol
[ERROR]   symbol:   class BidRequest
[ERROR]   location: class com.example.biddingmodule.service.BiddingServiceTest
[ERROR] /C:/Users/Acer/Desktop/SWP391/Project/swp391-su26-ai-audit-project-swp391_se20a11_group-03/src/test/java/com/auction/bidding/BiddingServiceTest.java:[213,70] cannot find symbol
[ERROR]   symbol:   class AuctionSessionRepository
[ERROR]   location: class com.example.biddingmodule.service.BiddingServiceTest
[ERROR] /C:/Users/Acer/Desktop/SWP391/Project/swp391-su26-ai-audit-project-swp391_se20a11_group-03/src/test/java/com/auction/bidding/BiddingServiceTest.java:[214,17] cannot find symbol
[ERROR]   symbol:   class AuctionSession
[ERROR]   location: class com.example.biddingmodule.service.BiddingServiceTest.InMemoryAuctionSessionRepository
[ERROR] /C:/Users/Acer/Desktop/SWP391/Project/swp391-su26-ai-audit-project-swp391_se20a11_group-03/src/test/java/com/auction/bidding/BiddingServiceTest.java:[217,25] cannot find symbol
[ERROR]   symbol:   class AuctionSession
[ERROR]   location: class com.example.biddingmodule.service.BiddingServiceTest.InMemoryAuctionSessionRepository
[ERROR] /C:/Users/Acer/Desktop/SWP391/Project/swp391-su26-ai-audit-project-swp391_se20a11_group-03/src/test/java/com/auction/bidding/BiddingServiceTest.java:[225,21] cannot find symbol
[ERROR]   symbol:   class AuctionSession
[ERROR]   location: class com.example.biddingmodule.service.BiddingServiceTest.InMemoryAuctionSessionRepository
[ERROR] /C:/Users/Acer/Desktop/SWP391/Project/swp391-su26-ai-audit-project-swp391_se20a11_group-03/src/test/java/com/auction/bidding/BiddingServiceTest.java:[230,49] cannot find symbol
[ERROR]   symbol:   class AuctionSession
[ERROR]   location: class com.example.biddingmodule.service.BiddingServiceTest.InMemoryAuctionSessionRepository
[ERROR] /C:/Users/Acer/Desktop/SWP391/Project/swp391-su26-ai-audit-project-swp391_se20a11_group-03/src/test/java/com/auction/bidding/BiddingServiceTest.java:[230,29] cannot find symbol
[ERROR]   symbol:   class AuctionSession
[ERROR]   location: class com.example.biddingmodule.service.BiddingServiceTest.InMemoryAuctionSessionRepository
[ERROR] /C:/Users/Acer/Desktop/SWP391/Project/swp391-su26-ai-audit-project-swp391_se20a11_group-03/src/test/java/com/auction/bidding/BiddingServiceTest.java:[236,59] cannot find symbol
[ERROR]   symbol:   class BidRepository
[ERROR]   location: class com.example.biddingmodule.service.BiddingServiceTest
[ERROR] /C:/Users/Acer/Desktop/SWP391/Project/swp391-su26-ai-audit-project-swp391_se20a11_group-03/src/test/java/com/auction/bidding/BiddingServiceTest.java:[240,38] cannot find symbol
[ERROR]   symbol:   class Bid
[ERROR]   location: class com.example.biddingmodule.service.BiddingServiceTest.InMemoryBidRepository
[ERROR] /C:/Users/Acer/Desktop/SWP391/Project/swp391-su26-ai-audit-project-swp391_se20a11_group-03/src/test/java/com/auction/bidding/BiddingServiceTest.java:[240,29] cannot find symbol
[ERROR]   symbol:   class Bid
[ERROR]   location: class com.example.biddingmodule.service.BiddingServiceTest.InMemoryBidRepository
[ERROR] -> [Help 1]
[ERROR] 
[ERROR] To see the full stack trace of the errors, re-run Maven with the -e switch.
[ERROR] Re-run Maven using the -X switch to enable full debug logging.
[ERROR] 
[ERROR] For more information about the errors and possible solutions, please read the following articles:
[ERROR] [Help 1] http://cwiki.apache.org/confluence/display/MAVEN/MojoFailureException
